 node          33 : Hello world
 node           1 : Hello world
 node          34 : Hello world
 node           2 : Hello world
 node          37 : Hello world
 node           5 : Hello world
 node          38 : Hello world
 node           6 : Hello world
 node          41 : Hello world
 node           9 : Hello world
 node          42 : Hello world
 node          10 : Hello world
 node          45 : Hello world
 node          13 : Hello world
 node          46 : Hello world
 node          14 : Hello world
 node          49 : Hello world
 node          17 : Hello world
 node          50 : Hello world
 node          18 : Hello world
 node          53 : Hello world
 node          21 : Hello world
 node          54 : Hello world
 node          22 : Hello world
 node          57 : Hello world
 node          25 : Hello world
 node          58 : Hello world
 node          26 : Hello world
 node          61 : Hello world
 node          29 : Hello world
 node          62 : Hello world
 node          30 : Hello world
 node           0  HELLO_MPI - Master process:
 node           0  Fortran version
 node           0  The number of processes is:           64
 node           0 : Hello world
 node          32 : Hello world
 node           4 : Hello world
 node          36 : Hello world
 node           7 : Hello world
 node          39 : Hello world
 node           8 : Hello world
 node          40 : Hello world
 node          11 : Hello world
 node          43 : Hello world
 node          12 : Hello world
 node          44 : Hello world
 node          15 : Hello world
 node          47 : Hello world
 node          16 : Hello world
 node          48 : Hello world
 node          19 : Hello world
 node          51 : Hello world
 node          20 : Hello world
 node          52 : Hello world
 node          23 : Hello world
 node          55 : Hello world
 node          24 : Hello world
 node          27 : Hello world
 node          56 : Hello world
 node          28 : Hello world
 node          59 : Hello world
 node          31 : Hello world
 node          60 : Hello world
 node          63 : Hello world
 node           3 : Hello world
 node          35 : Hello world
 node           0  finishing normally
